<?xml version="1.0" encoding="UTF-8"?>
<coverage generated="1750623394732" clover="3.2.0">
  <project timestamp="1750623394732" name="All files">
    <metrics statements="27" coveredstatements="23" conditionals="34" coveredconditionals="19" methods="7" coveredmethods="7" elements="68" coveredelements="49" complexity="0" loc="27" ncloc="27" packages="3" files="7" classes="7"/>
    <package name="2-mandatory-rewrite">
      <metrics statements="15" coveredstatements="11" conditionals="30" coveredconditionals="17" methods="3" coveredmethods="3"/>
      <file name="1-get-angle-type.js" path="C:\CYF May\Module-Structuring-and-Testing-Data\Module-Structuring-and-Testing-Data\Sprint-3\2-mandatory-rewrite\1-get-angle-type.js">
        <metrics statements="7" coveredstatements="6" conditionals="16" coveredconditionals="15" methods="1" coveredmethods="1"/>
        <line num="2" count="5" type="cond" truecount="2" falsecount="0"/>
        <line num="3" count="4" type="cond" truecount="4" falsecount="0"/>
        <line num="4" count="3" type="cond" truecount="4" falsecount="0"/>
        <line num="5" count="2" type="cond" truecount="2" falsecount="0"/>
        <line num="6" count="1" type="cond" truecount="3" falsecount="1"/>
        <line num="7" count="0" type="stmt"/>
        <line num="16" count="1" type="stmt"/>
      </file>
      <file name="2-is-proper-fraction.js" path="C:\CYF May\Module-Structuring-and-Testing-Data\Module-Structuring-and-Testing-Data\Sprint-3\2-mandatory-rewrite\2-is-proper-fraction.js">
        <metrics statements="2" coveredstatements="2" conditionals="0" coveredconditionals="0" methods="1" coveredmethods="1"/>
        <line num="2" count="4" type="stmt"/>
        <line num="5" count="1" type="stmt"/>
      </file>
      <file name="3-get-card-value.js" path="C:\CYF May\Module-Structuring-and-Testing-Data\Module-Structuring-and-Testing-Data\Sprint-3\2-mandatory-rewrite\3-get-card-value.js">
        <metrics statements="6" coveredstatements="3" conditionals="14" coveredconditionals="2" methods="1" coveredmethods="1"/>
        <line num="2" count="1" type="stmt"/>
        <line num="4" count="1" type="cond" truecount="2" falsecount="2"/>
        <line num="5" count="0" type="cond" truecount="0" falsecount="4"/>
        <line num="6" count="0" type="cond" truecount="0" falsecount="6"/>
        <line num="7" count="0" type="stmt"/>
        <line num="11" count="1" type="stmt"/>
      </file>
    </package>
    <package name="3-mandatory-practice.implement">
      <metrics statements="10" coveredstatements="10" conditionals="2" coveredconditionals="1" methods="3" coveredmethods="3"/>
      <file name="count.js" path="C:\CYF May\Module-Structuring-and-Testing-Data\Module-Structuring-and-Testing-Data\Sprint-3\3-mandatory-practice\implement\count.js">
        <metrics statements="6" coveredstatements="6" conditionals="2" coveredconditionals="1" methods="1" coveredmethods="1"/>
        <line num="2" count="1" type="stmt"/>
        <line num="4" count="1" type="stmt"/>
        <line num="5" count="5" type="cond" truecount="1" falsecount="1"/>
        <line num="6" count="5" type="stmt"/>
        <line num="9" count="1" type="stmt"/>
        <line num="12" count="1" type="stmt"/>
      </file>
      <file name="get-ordinal-number.js" path="C:\CYF May\Module-Structuring-and-Testing-Data\Module-Structuring-and-Testing-Data\Sprint-3\3-mandatory-practice\implement\get-ordinal-number.js">
        <metrics statements="2" coveredstatements="2" conditionals="0" coveredconditionals="0" methods="1" coveredmethods="1"/>
        <line num="2" count="1" type="stmt"/>
        <line num="5" count="1" type="stmt"/>
      </file>
      <file name="repeat.js" path="C:\CYF May\Module-Structuring-and-Testing-Data\Module-Structuring-and-Testing-Data\Sprint-3\3-mandatory-practice\implement\repeat.js">
        <metrics statements="2" coveredstatements="2" conditionals="0" coveredconditionals="0" methods="1" coveredmethods="1"/>
        <line num="2" count="1" type="stmt"/>
        <line num="5" count="1" type="stmt"/>
      </file>
    </package>
    <package name="4-stretch-investigate">
      <metrics statements="2" coveredstatements="2" conditionals="2" coveredconditionals="1" methods="1" coveredmethods="1"/>
      <file name="password-validator.js" path="C:\CYF May\Module-Structuring-and-Testing-Data\Module-Structuring-and-Testing-Data\Sprint-3\4-stretch-investigate\password-validator.js">
        <metrics statements="2" coveredstatements="2" conditionals="2" coveredconditionals="1" methods="1" coveredmethods="1"/>
        <line num="2" count="1" type="cond" truecount="1" falsecount="1"/>
        <line num="6" count="1" type="stmt"/>
      </file>
    </package>
  </project>
</coverage>
