{"C:\\CYF May\\Module-Structuring-and-Testing-Data\\Module-Structuring-and-Testing-Data\\Sprint-3\\2-mandatory-rewrite\\1-get-angle-type.js": {"path":"C:\\CYF May\\Module-Structuring-and-Testing-Data\\Module-Structuring-and-Testing-Data\\Sprint-3\\2-mandatory-rewrite\\1-get-angle-type.js","statementMap":{"0":{"start":{"line":2,"column":2},"end":{"line":2,"column":41}},"1":{"start":{"line":2,"column":20},"end":{"line":2,"column":41}},"2":{"start":{"line":3,"column":2},"end":{"line":3,"column":52}},"3":{"start":{"line":3,"column":31},"end":{"line":3,"column":52}},"4":{"start":{"line":4,"column":2},"end":{"line":4,"column":55}},"5":{"start":{"line":4,"column":33},"end":{"line":4,"column":55}},"6":{"start":{"line":5,"column":2},"end":{"line":5,"column":45}},"7":{"start":{"line":5,"column":21},"end":{"line":5,"column":45}},"8":{"start":{"line":6,"column":2},"end":{"line":6,"column":56}},"9":{"start":{"line":6,"column":34},"end":{"line":6,"column":56}},"10":{"start":{"line":7,"column":2},"end":{"line":7,"column":25}},"11":{"start":{"line":16,"column":0},"end":{"line":16,"column":30}}},"fnMap":{"0":{"name":"getAngleType","decl":{"start":{"line":1,"column":9},"end":{"line":1,"column":21}},"loc":{"start":{"line":1,"column":29},"end":{"line":8,"column":1}},"line":1}},"branchMap":{"0":{"loc":{"start":{"line":2,"column":2},"end":{"line":2,"column":41}},"type":"if","locations":[{"start":{"line":2,"column":2},"end":{"line":2,"column":41}},{"start":{},"end":{}}],"line":2},"1":{"loc":{"start":{"line":3,"column":2},"end":{"line":3,"column":52}},"type":"if","locations":[{"start":{"line":3,"column":2},"end":{"line":3,"column":52}},{"start":{},"end":{}}],"line":3},"2":{"loc":{"start":{"line":3,"column":6},"end":{"line":3,"column":29}},"type":"binary-expr","locations":[{"start":{"line":3,"column":6},"end":{"line":3,"column":16}},{"start":{"line":3,"column":20},"end":{"line":3,"column":29}}],"line":3},"3":{"loc":{"start":{"line":4,"column":2},"end":{"line":4,"column":55}},"type":"if","locations":[{"start":{"line":4,"column":2},"end":{"line":4,"column":55}},{"start":{},"end":{}}],"line":4},"4":{"loc":{"start":{"line":4,"column":6},"end":{"line":4,"column":31}},"type":"binary-expr","locations":[{"start":{"line":4,"column":6},"end":{"line":4,"column":16}},{"start":{"line":4,"column":20},"end":{"line":4,"column":31}}],"line":4},"5":{"loc":{"start":{"line":5,"column":2},"end":{"line":5,"column":45}},"type":"if","locations":[{"start":{"line":5,"column":2},"end":{"line":5,"column":45}},{"start":{},"end":{}}],"line":5},"6":{"loc":{"start":{"line":6,"column":2},"end":{"line":6,"column":56}},"type":"if","locations":[{"start":{"line":6,"column":2},"end":{"line":6,"column":56}},{"start":{},"end":{}}],"line":6},"7":{"loc":{"start":{"line":6,"column":6},"end":{"line":6,"column":32}},"type":"binary-expr","locations":[{"start":{"line":6,"column":6},"end":{"line":6,"column":17}},{"start":{"line":6,"column":21},"end":{"line":6,"column":32}}],"line":6}},"s":{"0":5,"1":1,"2":4,"3":1,"4":3,"5":1,"6":2,"7":1,"8":1,"9":1,"10":0,"11":1},"f":{"0":5},"b":{"0":[1,4],"1":[1,3],"2":[4,1],"3":[1,2],"4":[3,3],"5":[1,1],"6":[1,0],"7":[1,1]},"_coverageSchema":"1a1c01bbd47fc00a2c39e90264f33305004495a9","hash":"668fa5fc818d0937bd70e1b22276002ae0c3fb11"}
,"C:\\CYF May\\Module-Structuring-and-Testing-Data\\Module-Structuring-and-Testing-Data\\Sprint-3\\2-mandatory-rewrite\\2-is-proper-fraction.js": {"path":"C:\\CYF May\\Module-Structuring-and-Testing-Data\\Module-Structuring-and-Testing-Data\\Sprint-3\\2-mandatory-rewrite\\2-is-proper-fraction.js","statementMap":{"0":{"start":{"line":2,"column":5},"end":{"line":2,"column":56}},"1":{"start":{"line":5,"column":0},"end":{"line":5,"column":34}}},"fnMap":{"0":{"name":"isProperFraction","decl":{"start":{"line":1,"column":9},"end":{"line":1,"column":25}},"loc":{"start":{"line":1,"column":50},"end":{"line":3,"column":1}},"line":1}},"branchMap":{},"s":{"0":4,"1":1},"f":{"0":4},"b":{},"_coverageSchema":"1a1c01bbd47fc00a2c39e90264f33305004495a9","hash":"2f278ae0e70c1dc44db8ddaa57605aa61b9ec367"}
,"C:\\CYF May\\Module-Structuring-and-Testing-Data\\Module-Structuring-and-Testing-Data\\Sprint-3\\2-mandatory-rewrite\\3-get-card-value.js": {"path":"C:\\CYF May\\Module-Structuring-and-Testing-Data\\Module-Structuring-and-Testing-Data\\Sprint-3\\2-mandatory-rewrite\\3-get-card-value.js","statementMap":{"0":{"start":{"line":3,"column":4},"end":{"line":3,"column":14}},"1":{"start":{"line":5,"column":0},"end":{"line":5,"column":30}}},"fnMap":{"0":{"name":"getCardValue","decl":{"start":{"line":1,"column":9},"end":{"line":1,"column":21}},"loc":{"start":{"line":1,"column":28},"end":{"line":4,"column":1}},"line":1}},"branchMap":{},"s":{"0":1,"1":1},"f":{"0":1},"b":{},"_coverageSchema":"1a1c01bbd47fc00a2c39e90264f33305004495a9","hash":"eaf3140977961c3d5338781255528178a94085fd"}
,"C:\\CYF May\\Module-Structuring-and-Testing-Data\\Module-Structuring-and-Testing-Data\\Sprint-3\\3-mandatory-practice\\implement\\count.js": {"path":"C:\\CYF May\\Module-Structuring-and-Testing-Data\\Module-Structuring-and-Testing-Data\\Sprint-3\\3-mandatory-practice\\implement\\count.js","statementMap":{"0":{"start":{"line":2,"column":4},"end":{"line":2,"column":12}},"1":{"start":{"line":5,"column":0},"end":{"line":5,"column":27}}},"fnMap":{"0":{"name":"countChar","decl":{"start":{"line":1,"column":9},"end":{"line":1,"column":18}},"loc":{"start":{"line":1,"column":54},"end":{"line":3,"column":1}},"line":1}},"branchMap":{},"s":{"0":1,"1":1},"f":{"0":1},"b":{},"_coverageSchema":"1a1c01bbd47fc00a2c39e90264f33305004495a9","hash":"05ee0617d6a506ae312538ac2a44b4f366f45b62"}
,"C:\\CYF May\\Module-Structuring-and-Testing-Data\\Module-Structuring-and-Testing-Data\\Sprint-3\\3-mandatory-practice\\implement\\get-ordinal-number.js": {"path":"C:\\CYF May\\Module-Structuring-and-Testing-Data\\Module-Structuring-and-Testing-Data\\Sprint-3\\3-mandatory-practice\\implement\\get-ordinal-number.js","statementMap":{"0":{"start":{"line":2,"column":1},"end":{"line":2,"column":14}},"1":{"start":{"line":5,"column":0},"end":{"line":5,"column":34}}},"fnMap":{"0":{"name":"getOrdinalNumber","decl":{"start":{"line":1,"column":9},"end":{"line":1,"column":25}},"loc":{"start":{"line":1,"column":31},"end":{"line":3,"column":1}},"line":1}},"branchMap":{},"s":{"0":1,"1":1},"f":{"0":1},"b":{},"_coverageSchema":"1a1c01bbd47fc00a2c39e90264f33305004495a9","hash":"14167c3f96e9ba6492c52463a7f392753b9f3461"}
,"C:\\CYF May\\Module-Structuring-and-Testing-Data\\Module-Structuring-and-Testing-Data\\Sprint-3\\3-mandatory-practice\\implement\\repeat.js": {"path":"C:\\CYF May\\Module-Structuring-and-Testing-Data\\Module-Structuring-and-Testing-Data\\Sprint-3\\3-mandatory-practice\\implement\\repeat.js","statementMap":{"0":{"start":{"line":2,"column":4},"end":{"line":2,"column":29}},"1":{"start":{"line":5,"column":0},"end":{"line":5,"column":24}}},"fnMap":{"0":{"name":"repeat","decl":{"start":{"line":1,"column":9},"end":{"line":1,"column":15}},"loc":{"start":{"line":1,"column":18},"end":{"line":3,"column":1}},"line":1}},"branchMap":{},"s":{"0":1,"1":1},"f":{"0":1},"b":{},"_coverageSchema":"1a1c01bbd47fc00a2c39e90264f33305004495a9","hash":"2de786d4a9d0307056d547c04425125ae82895f5"}
,"C:\\CYF May\\Module-Structuring-and-Testing-Data\\Module-Structuring-and-Testing-Data\\Sprint-3\\4-stretch-investigate\\password-validator.js": {"path":"C:\\CYF May\\Module-Structuring-and-Testing-Data\\Module-Structuring-and-Testing-Data\\Sprint-3\\4-stretch-investigate\\password-validator.js","statementMap":{"0":{"start":{"line":2,"column":4},"end":{"line":2,"column":45}},"1":{"start":{"line":6,"column":0},"end":{"line":6,"column":35}}},"fnMap":{"0":{"name":"passwordValidator","decl":{"start":{"line":1,"column":9},"end":{"line":1,"column":26}},"loc":{"start":{"line":1,"column":37},"end":{"line":3,"column":1}},"line":1}},"branchMap":{"0":{"loc":{"start":{"line":2,"column":11},"end":{"line":2,"column":45}},"type":"cond-expr","locations":[{"start":{"line":2,"column":33},"end":{"line":2,"column":38}},{"start":{"line":2,"column":41},"end":{"line":2,"column":45}}],"line":2}},"s":{"0":1,"1":1},"f":{"0":1},"b":{"0":[0,1]},"_coverageSchema":"1a1c01bbd47fc00a2c39e90264f33305004495a9","hash":"667ca0ca10d3acdc2a192c61b1ff3343fba2499b"}
}
