TN:
SF:angle.js
FN:1,getAngleType
FNF:1
FNH:1
FNDA:9,getAngleType
DA:2,9
DA:3,8
DA:4,7
DA:5,6
DA:6,5
DA:7,4
DA:10,1
LF:7
LH:7
BRDA:2,0,0,1
BRDA:2,0,1,8
BRDA:3,1,0,1
BRDA:3,1,1,7
BRDA:3,2,0,8
BRDA:3,2,1,3
BRDA:4,3,0,1
BRDA:4,3,1,6
BRDA:4,4,0,7
BRDA:4,4,1,5
BRDA:5,5,0,1
BRDA:5,5,1,5
BRDA:6,6,0,1
BRDA:6,6,1,4
BRDA:6,7,0,5
BRDA:6,7,1,3
BRF:16
BRH:16
end_of_record
TN:
SF:2-mandatory-rewrite\1-get-angle-type.js
FN:1,getAngleType
FNF:1
FNH:1
FNDA:1,getAngleType
DA:2,1
DA:18,1
LF:2
LH:2
BRDA:2,0,0,1
BRDA:2,0,1,0
BRF:2
BRH:1
end_of_record
TN:
SF:2-mandatory-rewrite\2-is-proper-fraction.js
FN:1,isProperFraction
FNF:1
FNH:1
FNDA:1,isProperFraction
DA:2,1
DA:6,1
LF:2
LH:2
BRDA:2,0,0,1
BRDA:2,0,1,0
BRF:2
BRH:1
end_of_record
TN:
SF:2-mandatory-rewrite\3-get-card-value.js
FN:1,getCardValue
FNF:1
FNH:1
FNDA:1,getCardValue
DA:3,1
DA:5,1
LF:2
LH:2
BRF:0
BRH:0
end_of_record
TN:
SF:3-mandatory-practice\implement\count.js
FN:1,countChar
FNF:1
FNH:1
FNDA:1,countChar
DA:2,1
DA:5,1
LF:2
LH:2
BRF:0
BRH:0
end_of_record
TN:
SF:3-mandatory-practice\implement\get-ordinal-number.js
FN:1,getOrdinalNumber
FNF:1
FNH:1
FNDA:1,getOrdinalNumber
DA:2,1
DA:5,1
LF:2
LH:2
BRF:0
BRH:0
end_of_record
TN:
SF:3-mandatory-practice\implement\repeat.js
FN:1,repeat
FNF:1
FNH:1
FNDA:1,repeat
DA:2,1
DA:5,1
LF:2
LH:2
BRF:0
BRH:0
end_of_record
TN:
SF:4-stretch-investigate\password-validator.js
FN:1,passwordValidator
FNF:1
FNH:1
FNDA:1,passwordValidator
DA:2,1
DA:6,1
LF:2
LH:2
BRDA:2,0,0,0
BRDA:2,0,1,1
BRF:2
BRH:1
end_of_record
