<?xml version="1.0" encoding="UTF-8"?>
<coverage generated="1731999374319" clover="3.2.0">
  <project timestamp="1731999374319" name="All files">
    <metrics statements="19" coveredstatements="19" conditionals="20" coveredconditionals="19" methods="2" coveredmethods="2" elements="41" coveredelements="40" complexity="0" loc="19" ncloc="19" packages="1" files="2" classes="2"/>
    <file name="get-angle-type.js" path="C:\Users\leili\OneDrive\Desktop\CYF Projects\ITP\Module-Structuring-and-Testing-Data\Sprint-3\implement\get-angle-type.js">
      <metrics statements="11" coveredstatements="11" conditionals="14" coveredconditionals="13" methods="1" coveredmethods="1"/>
      <line num="32" count="5" type="cond" truecount="2" falsecount="0"/>
      <line num="33" count="1" type="stmt"/>
      <line num="34" count="4" type="cond" truecount="2" falsecount="0"/>
      <line num="35" count="1" type="stmt"/>
      <line num="36" count="3" type="cond" truecount="4" falsecount="0"/>
      <line num="37" count="1" type="stmt"/>
      <line num="38" count="2" type="cond" truecount="2" falsecount="0"/>
      <line num="39" count="1" type="stmt"/>
      <line num="40" count="1" type="cond" truecount="3" falsecount="1"/>
      <line num="41" count="1" type="stmt"/>
      <line num="44" count="1" type="stmt"/>
    </file>
    <file name="get-card-value.js" path="C:\Users\leili\OneDrive\Desktop\CYF Projects\ITP\Module-Structuring-and-Testing-Data\Sprint-3\implement\get-card-value.js">
      <metrics statements="8" coveredstatements="8" conditionals="6" coveredconditionals="6" methods="1" coveredmethods="1"/>
      <line num="35" count="8" type="stmt"/>
      <line num="36" count="8" type="stmt"/>
      <line num="38" count="8" type="cond" truecount="2" falsecount="0"/>
      <line num="39" count="2" type="stmt"/>
      <line num="42" count="6" type="cond" truecount="2" falsecount="0"/>
      <line num="43" count="5" type="cond" truecount="2" falsecount="0"/>
      <line num="45" count="1" type="stmt"/>
      <line num="48" count="1" type="stmt"/>
    </file>
  </project>
</coverage>
