<?xml version="1.0" encoding="UTF-8"?>
<coverage generated="1741207983116" clover="3.2.0">
  <project timestamp="1741207983116" name="All files">
    <metrics statements="29" coveredstatements="27" conditionals="37" coveredconditionals="33" methods="8" coveredmethods="8" elements="74" coveredelements="68" complexity="0" loc="29" ncloc="29" packages="4" files="8" classes="8"/>
    <package name="2-mandatory-rewrite">
      <metrics statements="18" coveredstatements="16" conditionals="35" coveredconditionals="32" methods="3" coveredmethods="3"/>
      <file name="1-get-angle-type.js" path="C:\CYF\ITP\Module-Structuring-and-Testing-Data\Module-Structuring-and-Testing-Data\Sprint-3\2-mandatory-rewrite\1-get-angle-type.js">
        <metrics statements="7" coveredstatements="6" conditionals="16" coveredconditionals="15" methods="1" coveredmethods="1"/>
        <line num="2" count="5" type="cond" truecount="2" falsecount="0"/>
        <line num="5" count="4" type="cond" truecount="4" falsecount="0"/>
        <line num="6" count="3" type="cond" truecount="2" falsecount="0"/>
        <line num="7" count="2" type="cond" truecount="4" falsecount="0"/>
        <line num="8" count="1" type="cond" truecount="3" falsecount="1"/>
        <line num="11" count="0" type="stmt"/>
        <line num="21" count="1" type="stmt"/>
      </file>
      <file name="2-is-proper-fraction.js" path="C:\CYF\ITP\Module-Structuring-and-Testing-Data\Module-Structuring-and-Testing-Data\Sprint-3\2-mandatory-rewrite\2-is-proper-fraction.js">
        <metrics statements="5" coveredstatements="4" conditionals="6" coveredconditionals="5" methods="1" coveredmethods="1"/>
        <line num="2" count="6" type="cond" truecount="2" falsecount="0"/>
        <line num="4" count="3" type="cond" truecount="2" falsecount="0"/>
        <line num="5" count="2" type="cond" truecount="1" falsecount="1"/>
        <line num="7" count="0" type="stmt"/>
        <line num="11" count="1" type="stmt"/>
      </file>
      <file name="3-get-card-value.js" path="C:\CYF\ITP\Module-Structuring-and-Testing-Data\Module-Structuring-and-Testing-Data\Sprint-3\2-mandatory-rewrite\3-get-card-value.js">
        <metrics statements="6" coveredstatements="6" conditionals="13" coveredconditionals="12" methods="1" coveredmethods="1"/>
        <line num="4" count="6" type="stmt"/>
        <line num="5" count="6" type="cond" truecount="1" falsecount="1"/>
        <line num="6" count="6" type="cond" truecount="5" falsecount="0"/>
        <line num="7" count="4" type="cond" truecount="6" falsecount="0"/>
        <line num="9" count="2" type="stmt"/>
        <line num="13" count="1" type="stmt"/>
      </file>
    </package>
    <package name="3-mandatory-practice">
      <metrics statements="3" coveredstatements="3" conditionals="0" coveredconditionals="0" methods="1" coveredmethods="1"/>
      <file name="function.js" path="C:\CYF\ITP\Module-Structuring-and-Testing-Data\Module-Structuring-and-Testing-Data\Sprint-3\3-mandatory-practice\function.js">
        <metrics statements="3" coveredstatements="3" conditionals="0" coveredconditionals="0" methods="1" coveredmethods="1"/>
        <line num="1" count="1" type="stmt"/>
        <line num="2" count="1" type="stmt"/>
        <line num="6" count="1" type="stmt"/>
      </file>
    </package>
    <package name="3-mandatory-practice.implement">
      <metrics statements="6" coveredstatements="6" conditionals="0" coveredconditionals="0" methods="3" coveredmethods="3"/>
      <file name="count.js" path="C:\CYF\ITP\Module-Structuring-and-Testing-Data\Module-Structuring-and-Testing-Data\Sprint-3\3-mandatory-practice\implement\count.js">
        <metrics statements="2" coveredstatements="2" conditionals="0" coveredconditionals="0" methods="1" coveredmethods="1"/>
        <line num="2" count="1" type="stmt"/>
        <line num="5" count="1" type="stmt"/>
      </file>
      <file name="get-ordinal-number.js" path="C:\CYF\ITP\Module-Structuring-and-Testing-Data\Module-Structuring-and-Testing-Data\Sprint-3\3-mandatory-practice\implement\get-ordinal-number.js">
        <metrics statements="2" coveredstatements="2" conditionals="0" coveredconditionals="0" methods="1" coveredmethods="1"/>
        <line num="2" count="1" type="stmt"/>
        <line num="5" count="1" type="stmt"/>
      </file>
      <file name="repeat.js" path="C:\CYF\ITP\Module-Structuring-and-Testing-Data\Module-Structuring-and-Testing-Data\Sprint-3\3-mandatory-practice\implement\repeat.js">
        <metrics statements="2" coveredstatements="2" conditionals="0" coveredconditionals="0" methods="1" coveredmethods="1"/>
        <line num="2" count="1" type="stmt"/>
        <line num="5" count="1" type="stmt"/>
      </file>
    </package>
    <package name="4-stretch-investigate">
      <metrics statements="2" coveredstatements="2" conditionals="2" coveredconditionals="1" methods="1" coveredmethods="1"/>
      <file name="password-validator.js" path="C:\CYF\ITP\Module-Structuring-and-Testing-Data\Module-Structuring-and-Testing-Data\Sprint-3\4-stretch-investigate\password-validator.js">
        <metrics statements="2" coveredstatements="2" conditionals="2" coveredconditionals="1" methods="1" coveredmethods="1"/>
        <line num="2" count="1" type="cond" truecount="1" falsecount="1"/>
        <line num="6" count="1" type="stmt"/>
      </file>
    </package>
  </project>
</coverage>
