{"C:\\Users\\leili\\OneDrive\\Desktop\\CYF Projects\\ITP\\Module-Structuring-and-Testing-Data\\Sprint-3\\implement\\get-angle-type.js": {"path":"C:\\Users\\leili\\OneDrive\\Desktop\\CYF Projects\\ITP\\Module-Structuring-and-Testing-Data\\Sprint-3\\implement\\get-angle-type.js","statementMap":{"0":{"start":{"line":32,"column":4},"end":{"line":42,"column":5}},"1":{"start":{"line":33,"column":8},"end":{"line":33,"column":29}},"2":{"start":{"line":34,"column":10},"end":{"line":42,"column":5}},"3":{"start":{"line":35,"column":8},"end":{"line":35,"column":29}},"4":{"start":{"line":36,"column":10},"end":{"line":42,"column":5}},"5":{"start":{"line":37,"column":8},"end":{"line":37,"column":30}},"6":{"start":{"line":38,"column":10},"end":{"line":42,"column":5}},"7":{"start":{"line":39,"column":8},"end":{"line":39,"column":32}},"8":{"start":{"line":40,"column":10},"end":{"line":42,"column":5}},"9":{"start":{"line":41,"column":8},"end":{"line":41,"column":30}},"10":{"start":{"line":44,"column":0},"end":{"line":44,"column":30}}},"fnMap":{"0":{"name":"getAngleType","decl":{"start":{"line":30,"column":9},"end":{"line":30,"column":21}},"loc":{"start":{"line":30,"column":30},"end":{"line":43,"column":1}},"line":30}},"branchMap":{"0":{"loc":{"start":{"line":32,"column":4},"end":{"line":42,"column":5}},"type":"if","locations":[{"start":{"line":32,"column":4},"end":{"line":42,"column":5}},{"start":{"line":34,"column":10},"end":{"line":42,"column":5}}],"line":32},"1":{"loc":{"start":{"line":34,"column":10},"end":{"line":42,"column":5}},"type":"if","locations":[{"start":{"line":34,"column":10},"end":{"line":42,"column":5}},{"start":{"line":36,"column":10},"end":{"line":42,"column":5}}],"line":34},"2":{"loc":{"start":{"line":36,"column":10},"end":{"line":42,"column":5}},"type":"if","locations":[{"start":{"line":36,"column":10},"end":{"line":42,"column":5}},{"start":{"line":38,"column":10},"end":{"line":42,"column":5}}],"line":36},"3":{"loc":{"start":{"line":36,"column":14},"end":{"line":36,"column":39}},"type":"binary-expr","locations":[{"start":{"line":36,"column":14},"end":{"line":36,"column":24}},{"start":{"line":36,"column":28},"end":{"line":36,"column":39}}],"line":36},"4":{"loc":{"start":{"line":38,"column":10},"end":{"line":42,"column":5}},"type":"if","locations":[{"start":{"line":38,"column":10},"end":{"line":42,"column":5}},{"start":{"line":40,"column":10},"end":{"line":42,"column":5}}],"line":38},"5":{"loc":{"start":{"line":40,"column":10},"end":{"line":42,"column":5}},"type":"if","locations":[{"start":{"line":40,"column":10},"end":{"line":42,"column":5}},{"start":{},"end":{}}],"line":40},"6":{"loc":{"start":{"line":40,"column":14},"end":{"line":40,"column":39}},"type":"binary-expr","locations":[{"start":{"line":40,"column":14},"end":{"line":40,"column":25}},{"start":{"line":40,"column":29},"end":{"line":40,"column":39}}],"line":40}},"s":{"0":5,"1":1,"2":4,"3":1,"4":3,"5":1,"6":2,"7":1,"8":1,"9":1,"10":1},"f":{"0":5},"b":{"0":[1,4],"1":[1,3],"2":[1,2],"3":[3,3],"4":[1,1],"5":[1,0],"6":[1,1]},"_coverageSchema":"1a1c01bbd47fc00a2c39e90264f33305004495a9","hash":"c45f0b4dbbab9726d4c7ff5a94a0c544e57d2886"}
,"C:\\Users\\leili\\OneDrive\\Desktop\\CYF Projects\\ITP\\Module-Structuring-and-Testing-Data\\Sprint-3\\implement\\get-card-value.js": {"path":"C:\\Users\\leili\\OneDrive\\Desktop\\CYF Projects\\ITP\\Module-Structuring-and-Testing-Data\\Sprint-3\\implement\\get-card-value.js","statementMap":{"0":{"start":{"line":35,"column":17},"end":{"line":35,"column":34}},"1":{"start":{"line":36,"column":23},"end":{"line":36,"column":89}},"2":{"start":{"line":38,"column":4},"end":{"line":40,"column":5}},"3":{"start":{"line":39,"column":8},"end":{"line":39,"column":45}},"4":{"start":{"line":42,"column":4},"end":{"line":42,"column":32}},"5":{"start":{"line":42,"column":22},"end":{"line":42,"column":32}},"6":{"start":{"line":43,"column":4},"end":{"line":43,"column":56}},"7":{"start":{"line":43,"column":46},"end":{"line":43,"column":56}},"8":{"start":{"line":45,"column":4},"end":{"line":45,"column":30}},"9":{"start":{"line":48,"column":0},"end":{"line":48,"column":30}}},"fnMap":{"0":{"name":"getCardValue","decl":{"start":{"line":34,"column":9},"end":{"line":34,"column":21}},"loc":{"start":{"line":34,"column":28},"end":{"line":46,"column":1}},"line":34}},"branchMap":{"0":{"loc":{"start":{"line":38,"column":4},"end":{"line":40,"column":5}},"type":"if","locations":[{"start":{"line":38,"column":4},"end":{"line":40,"column":5}},{"start":{},"end":{}}],"line":38},"1":{"loc":{"start":{"line":42,"column":4},"end":{"line":42,"column":32}},"type":"if","locations":[{"start":{"line":42,"column":4},"end":{"line":42,"column":32}},{"start":{},"end":{}}],"line":42},"2":{"loc":{"start":{"line":43,"column":4},"end":{"line":43,"column":56}},"type":"if","locations":[{"start":{"line":43,"column":4},"end":{"line":43,"column":56}},{"start":{},"end":{}}],"line":43}},"s":{"0":8,"1":8,"2":8,"3":2,"4":6,"5":1,"6":5,"7":4,"8":1,"9":1},"f":{"0":8},"b":{"0":[2,6],"1":[1,5],"2":[4,1]},"_coverageSchema":"1a1c01bbd47fc00a2c39e90264f33305004495a9","hash":"ee981589c8227d6e3dadb73e231521b6d6f99e88"}
}
