{"/home/cyf/Documents/Dagim/prep/Module-Structuring-and-Testing-Data/Sprint-3/1-implement-and-rewrite-tests/implement/1-get-angle-type.js": {"path":"/home/cyf/Documents/Dagim/prep/Module-Structuring-and-Testing-Data/Sprint-3/1-implement-and-rewrite-tests/implement/1-get-angle-type.js","statementMap":{"0":{"start":{"line":19,"column":2},"end":{"line":42,"column":3}},"1":{"start":{"line":21,"column":0},"end":{"line":21,"column":21}},"2":{"start":{"line":23,"column":6},"end":{"line":42,"column":3}},"3":{"start":{"line":25,"column":1},"end":{"line":25,"column":22}},"4":{"start":{"line":27,"column":7},"end":{"line":42,"column":3}},"5":{"start":{"line":29,"column":4},"end":{"line":29,"column":26}},"6":{"start":{"line":31,"column":7},"end":{"line":42,"column":3}},"7":{"start":{"line":33,"column":4},"end":{"line":33,"column":28}},"8":{"start":{"line":35,"column":7},"end":{"line":42,"column":3}},"9":{"start":{"line":37,"column":4},"end":{"line":37,"column":26}},"10":{"start":{"line":41,"column":2},"end":{"line":41,"column":25}},"11":{"start":{"line":47,"column":0},"end":{"line":47,"column":30}},"12":{"start":{"line":52,"column":2},"end":{"line":55,"column":4}},"13":{"start":{"line":60,"column":14},"end":{"line":60,"column":30}},"14":{"start":{"line":61,"column":0},"end":{"line":61,"column":35}},"15":{"start":{"line":63,"column":14},"end":{"line":63,"column":29}},"16":{"start":{"line":64,"column":0},"end":{"line":64,"column":34}},"17":{"start":{"line":66,"column":15},"end":{"line":66,"column":33}},"18":{"start":{"line":67,"column":0},"end":{"line":67,"column":36}},"19":{"start":{"line":69,"column":17},"end":{"line":69,"column":34}},"20":{"start":{"line":70,"column":0},"end":{"line":70,"column":40}},"21":{"start":{"line":72,"column":15},"end":{"line":72,"column":34}},"22":{"start":{"line":73,"column":0},"end":{"line":73,"column":36}},"23":{"start":{"line":75,"column":16},"end":{"line":75,"column":33}},"24":{"start":{"line":76,"column":0},"end":{"line":76,"column":38}},"25":{"start":{"line":78,"column":18},"end":{"line":78,"column":35}},"26":{"start":{"line":79,"column":0},"end":{"line":79,"column":41}},"27":{"start":{"line":81,"column":17},"end":{"line":81,"column":34}},"28":{"start":{"line":82,"column":0},"end":{"line":82,"column":39}},"29":{"start":{"line":84,"column":15},"end":{"line":84,"column":32}},"30":{"start":{"line":85,"column":0},"end":{"line":85,"column":35}},"31":{"start":{"line":87,"column":17},"end":{"line":87,"column":32}},"32":{"start":{"line":88,"column":0},"end":{"line":88,"column":39}}},"fnMap":{"0":{"name":"getAngleType","decl":{"start":{"line":17,"column":9},"end":{"line":17,"column":21}},"loc":{"start":{"line":17,"column":29},"end":{"line":43,"column":1}},"line":17},"1":{"name":"assertEquals","decl":{"start":{"line":51,"column":9},"end":{"line":51,"column":21}},"loc":{"start":{"line":51,"column":50},"end":{"line":56,"column":1}},"line":51}},"branchMap":{"0":{"loc":{"start":{"line":19,"column":2},"end":{"line":42,"column":3}},"type":"if","locations":[{"start":{"line":19,"column":2},"end":{"line":42,"column":3}},{"start":{"line":23,"column":6},"end":{"line":42,"column":3}}],"line":19},"1":{"loc":{"start":{"line":19,"column":6},"end":{"line":19,"column":25}},"type":"binary-expr","locations":[{"start":{"line":19,"column":6},"end":{"line":19,"column":13}},{"start":{"line":19,"column":17},"end":{"line":19,"column":25}}],"line":19},"2":{"loc":{"start":{"line":23,"column":6},"end":{"line":42,"column":3}},"type":"if","locations":[{"start":{"line":23,"column":6},"end":{"line":42,"column":3}},{"start":{"line":27,"column":7},"end":{"line":42,"column":3}}],"line":23},"3":{"loc":{"start":{"line":27,"column":7},"end":{"line":42,"column":3}},"type":"if","locations":[{"start":{"line":27,"column":7},"end":{"line":42,"column":3}},{"start":{"line":31,"column":7},"end":{"line":42,"column":3}}],"line":27},"4":{"loc":{"start":{"line":27,"column":11},"end":{"line":27,"column":32}},"type":"binary-expr","locations":[{"start":{"line":27,"column":11},"end":{"line":27,"column":19}},{"start":{"line":27,"column":23},"end":{"line":27,"column":32}}],"line":27},"5":{"loc":{"start":{"line":31,"column":7},"end":{"line":42,"column":3}},"type":"if","locations":[{"start":{"line":31,"column":7},"end":{"line":42,"column":3}},{"start":{"line":35,"column":7},"end":{"line":42,"column":3}}],"line":31},"6":{"loc":{"start":{"line":35,"column":7},"end":{"line":42,"column":3}},"type":"if","locations":[{"start":{"line":35,"column":7},"end":{"line":42,"column":3}},{"start":{"line":40,"column":4},"end":{"line":42,"column":3}}],"line":35},"7":{"loc":{"start":{"line":35,"column":11},"end":{"line":35,"column":33}},"type":"binary-expr","locations":[{"start":{"line":35,"column":11},"end":{"line":35,"column":20}},{"start":{"line":35,"column":24},"end":{"line":35,"column":33}}],"line":35}},"s":{"0":24,"1":5,"2":19,"3":2,"4":17,"5":4,"6":13,"7":3,"8":10,"9":4,"10":6,"11":1,"12":10,"13":1,"14":1,"15":1,"16":1,"17":1,"18":1,"19":1,"20":1,"21":1,"22":1,"23":1,"24":1,"25":1,"26":1,"27":1,"28":1,"29":1,"30":1,"31":1,"32":1},"f":{"0":24,"1":10},"b":{"0":[5,19],"1":[24,21],"2":[2,17],"3":[4,13],"4":[17,14],"5":[3,10],"6":[4,6],"7":[10,7]},"_coverageSchema":"1a1c01bbd47fc00a2c39e90264f33305004495a9","hash":"2c72c99b6a06f5d214d433f6778261cfd4c62f61"}
,"/home/cyf/Documents/Dagim/prep/Module-Structuring-and-Testing-Data/Sprint-3/1-implement-and-rewrite-tests/implement/2-is-proper-fraction.js": {"path":"/home/cyf/Documents/Dagim/prep/Module-Structuring-and-Testing-Data/Sprint-3/1-implement-and-rewrite-tests/implement/2-is-proper-fraction.js","statementMap":{"0":{"start":{"line":15,"column":2},"end":{"line":15,"column":34}},"1":{"start":{"line":16,"column":2},"end":{"line":16,"column":38}},"2":{"start":{"line":17,"column":2},"end":{"line":22,"column":17}},"3":{"start":{"line":19,"column":4},"end":{"line":19,"column":16}},"4":{"start":{"line":22,"column":4},"end":{"line":22,"column":17}},"5":{"start":{"line":27,"column":0},"end":{"line":27,"column":34}},"6":{"start":{"line":31,"column":2},"end":{"line":34,"column":4}},"7":{"start":{"line":41,"column":0},"end":{"line":41,"column":43}},"8":{"start":{"line":43,"column":0},"end":{"line":43,"column":42}},"9":{"start":{"line":44,"column":0},"end":{"line":44,"column":49}},"10":{"start":{"line":45,"column":0},"end":{"line":45,"column":42}},"11":{"start":{"line":46,"column":0},"end":{"line":46,"column":45}},"12":{"start":{"line":47,"column":0},"end":{"line":47,"column":44}},"13":{"start":{"line":48,"column":0},"end":{"line":48,"column":44}}},"fnMap":{"0":{"name":"isProperFraction","decl":{"start":{"line":13,"column":9},"end":{"line":13,"column":25}},"loc":{"start":{"line":13,"column":50},"end":{"line":23,"column":1}},"line":13},"1":{"name":"assertEquals","decl":{"start":{"line":30,"column":9},"end":{"line":30,"column":21}},"loc":{"start":{"line":30,"column":50},"end":{"line":35,"column":1}},"line":30}},"branchMap":{"0":{"loc":{"start":{"line":17,"column":2},"end":{"line":22,"column":17}},"type":"if","locations":[{"start":{"line":17,"column":2},"end":{"line":22,"column":17}},{"start":{"line":22,"column":4},"end":{"line":22,"column":17}}],"line":17}},"s":{"0":16,"1":16,"2":16,"3":6,"4":10,"5":1,"6":7,"7":1,"8":1,"9":1,"10":1,"11":1,"12":1,"13":1},"f":{"0":16,"1":7},"b":{"0":[6,10]},"_coverageSchema":"1a1c01bbd47fc00a2c39e90264f33305004495a9","hash":"c6252d0c37e0ffade0e2ddee52b0384bc60eb58e"}
,"/home/cyf/Documents/Dagim/prep/Module-Structuring-and-Testing-Data/Sprint-3/1-implement-and-rewrite-tests/implement/3-get-card-value.js": {"path":"/home/cyf/Documents/Dagim/prep/Module-Structuring-and-Testing-Data/Sprint-3/1-implement-and-rewrite-tests/implement/3-get-card-value.js","statementMap":{"0":{"start":{"line":26,"column":17},"end":{"line":26,"column":48}},"1":{"start":{"line":27,"column":21},"end":{"line":27,"column":41}},"2":{"start":{"line":28,"column":15},"end":{"line":28,"column":29}},"3":{"start":{"line":31,"column":2},"end":{"line":33,"column":3}},"4":{"start":{"line":32,"column":4},"end":{"line":32,"column":36}},"5":{"start":{"line":35,"column":25},"end":{"line":35,"column":61}},"6":{"start":{"line":37,"column":2},"end":{"line":39,"column":3}},"7":{"start":{"line":38,"column":4},"end":{"line":38,"column":36}},"8":{"start":{"line":42,"column":2},"end":{"line":44,"column":3}},"9":{"start":{"line":43,"column":4},"end":{"line":43,"column":33}},"10":{"start":{"line":46,"column":19},"end":{"line":46,"column":32}},"11":{"start":{"line":47,"column":2},"end":{"line":49,"column":3}},"12":{"start":{"line":48,"column":4},"end":{"line":48,"column":20}},"13":{"start":{"line":54,"column":0},"end":{"line":54,"column":30}},"14":{"start":{"line":58,"column":2},"end":{"line":61,"column":4}},"15":{"start":{"line":66,"column":0},"end":{"line":66,"column":36}},"16":{"start":{"line":68,"column":0},"end":{"line":68,"column":36}},"17":{"start":{"line":69,"column":0},"end":{"line":69,"column":37}},"18":{"start":{"line":72,"column":0},"end":{"line":72,"column":36}},"19":{"start":{"line":73,"column":0},"end":{"line":73,"column":37}},"20":{"start":{"line":74,"column":0},"end":{"line":74,"column":37}},"21":{"start":{"line":75,"column":0},"end":{"line":75,"column":37}},"22":{"start":{"line":77,"column":0},"end":{"line":84,"column":1}},"23":{"start":{"line":78,"column":2},"end":{"line":78,"column":26}},"24":{"start":{"line":81,"column":2},"end":{"line":81,"column":60}},"25":{"start":{"line":83,"column":2},"end":{"line":83,"column":50}}},"fnMap":{"0":{"name":"getCardValue","decl":{"start":{"line":24,"column":9},"end":{"line":24,"column":21}},"loc":{"start":{"line":24,"column":28},"end":{"line":50,"column":1}},"line":24},"1":{"name":"assertEquals","decl":{"start":{"line":57,"column":9},"end":{"line":57,"column":21}},"loc":{"start":{"line":57,"column":50},"end":{"line":62,"column":1}},"line":57}},"branchMap":{"0":{"loc":{"start":{"line":31,"column":2},"end":{"line":33,"column":3}},"type":"if","locations":[{"start":{"line":31,"column":2},"end":{"line":33,"column":3}},{"start":{},"end":{}}],"line":31},"1":{"loc":{"start":{"line":37,"column":2},"end":{"line":39,"column":3}},"type":"if","locations":[{"start":{"line":37,"column":2},"end":{"line":39,"column":3}},{"start":{},"end":{}}],"line":37},"2":{"loc":{"start":{"line":37,"column":5},"end":{"line":37,"column":85}},"type":"binary-expr","locations":[{"start":{"line":37,"column":5},"end":{"line":37,"column":40}},{"start":{"line":37,"column":45},"end":{"line":37,"column":62}},{"start":{"line":37,"column":66},"end":{"line":37,"column":84}}],"line":37},"3":{"loc":{"start":{"line":42,"column":2},"end":{"line":44,"column":3}},"type":"if","locations":[{"start":{"line":42,"column":2},"end":{"line":44,"column":3}},{"start":{},"end":{}}],"line":42},"4":{"loc":{"start":{"line":47,"column":2},"end":{"line":49,"column":3}},"type":"if","locations":[{"start":{"line":47,"column":2},"end":{"line":49,"column":3}},{"start":{},"end":{}}],"line":47},"5":{"loc":{"start":{"line":47,"column":6},"end":{"line":47,"column":37}},"type":"binary-expr","locations":[{"start":{"line":47,"column":6},"end":{"line":47,"column":19}},{"start":{"line":47,"column":23},"end":{"line":47,"column":37}}],"line":47}},"s":{"0":27,"1":27,"2":27,"3":27,"4":6,"5":21,"6":21,"7":1,"8":20,"9":8,"10":12,"11":12,"12":12,"13":1,"14":7,"15":1,"16":1,"17":1,"18":1,"19":1,"20":1,"21":1,"22":1,"23":1,"24":0,"25":1},"f":{"0":27,"1":7},"b":{"0":[6,21],"1":[1,20],"2":[21,13,12],"3":[8,12],"4":[12,0],"5":[12,12]},"_coverageSchema":"1a1c01bbd47fc00a2c39e90264f33305004495a9","hash":"230171526e3b77dbbd12fcfb362334dabe9d7fe8"}
,"/home/cyf/Documents/Dagim/prep/Module-Structuring-and-Testing-Data/Sprint-3/2-practice-tdd/count.js": {"path":"/home/cyf/Documents/Dagim/prep/Module-Structuring-and-Testing-Data/Sprint-3/2-practice-tdd/count.js","statementMap":{"0":{"start":{"line":2,"column":2},"end":{"line":2,"column":10}},"1":{"start":{"line":5,"column":0},"end":{"line":5,"column":27}}},"fnMap":{"0":{"name":"countChar","decl":{"start":{"line":1,"column":9},"end":{"line":1,"column":18}},"loc":{"start":{"line":1,"column":54},"end":{"line":3,"column":1}},"line":1}},"branchMap":{},"s":{"0":1,"1":1},"f":{"0":1},"b":{},"_coverageSchema":"1a1c01bbd47fc00a2c39e90264f33305004495a9","hash":"bff5e3d3ac763266e494e6ca93abc24a7547a1c3"}
,"/home/cyf/Documents/Dagim/prep/Module-Structuring-and-Testing-Data/Sprint-3/2-practice-tdd/get-ordinal-number.js": {"path":"/home/cyf/Documents/Dagim/prep/Module-Structuring-and-Testing-Data/Sprint-3/2-practice-tdd/get-ordinal-number.js","statementMap":{"0":{"start":{"line":2,"column":2},"end":{"line":2,"column":15}},"1":{"start":{"line":5,"column":0},"end":{"line":5,"column":34}}},"fnMap":{"0":{"name":"getOrdinalNumber","decl":{"start":{"line":1,"column":9},"end":{"line":1,"column":25}},"loc":{"start":{"line":1,"column":31},"end":{"line":3,"column":1}},"line":1}},"branchMap":{},"s":{"0":2,"1":1},"f":{"0":2},"b":{},"_coverageSchema":"1a1c01bbd47fc00a2c39e90264f33305004495a9","hash":"95902a97a1b90aa6aad303d0b9ea7192caada70f"}
,"/home/cyf/Documents/Dagim/prep/Module-Structuring-and-Testing-Data/Sprint-3/2-practice-tdd/repeat-str.js": {"path":"/home/cyf/Documents/Dagim/prep/Module-Structuring-and-Testing-Data/Sprint-3/2-practice-tdd/repeat-str.js","statementMap":{"0":{"start":{"line":4,"column":2},"end":{"line":4,"column":27}},"1":{"start":{"line":7,"column":0},"end":{"line":7,"column":27}}},"fnMap":{"0":{"name":"repeatStr","decl":{"start":{"line":1,"column":9},"end":{"line":1,"column":18}},"loc":{"start":{"line":1,"column":21},"end":{"line":5,"column":1}},"line":1}},"branchMap":{},"s":{"0":1,"1":1},"f":{"0":1},"b":{},"_coverageSchema":"1a1c01bbd47fc00a2c39e90264f33305004495a9","hash":"b726e0e4105ad64fa34dcbe092f2abf5cbf28499"}
,"/home/cyf/Documents/Dagim/prep/Module-Structuring-and-Testing-Data/Sprint-3/4-stretch/password-validator.js": {"path":"/home/cyf/Documents/Dagim/prep/Module-Structuring-and-Testing-Data/Sprint-3/4-stretch/password-validator.js","statementMap":{"0":{"start":{"line":2,"column":4},"end":{"line":2,"column":45}},"1":{"start":{"line":6,"column":0},"end":{"line":6,"column":35}}},"fnMap":{"0":{"name":"passwordValidator","decl":{"start":{"line":1,"column":9},"end":{"line":1,"column":26}},"loc":{"start":{"line":1,"column":37},"end":{"line":3,"column":1}},"line":1}},"branchMap":{"0":{"loc":{"start":{"line":2,"column":11},"end":{"line":2,"column":45}},"type":"cond-expr","locations":[{"start":{"line":2,"column":33},"end":{"line":2,"column":38}},{"start":{"line":2,"column":41},"end":{"line":2,"column":45}}],"line":2}},"s":{"0":1,"1":1},"f":{"0":1},"b":{"0":[0,1]},"_coverageSchema":"1a1c01bbd47fc00a2c39e90264f33305004495a9","hash":"e76595f81b1a4903ce41125505bd2bfed9421035"}
}
