TN:
SF:Sprint-3/1-implement-and-rewrite-tests/implement/1-get-angle-type.js
FN:17,getAngleType
FN:51,assertEquals
FNF:2
FNH:2
FNDA:24,getAngleType
FNDA:10,assertEquals
DA:19,24
DA:21,5
DA:23,19
DA:25,2
DA:27,17
DA:29,4
DA:31,13
DA:33,3
DA:35,10
DA:37,4
DA:41,6
DA:47,1
DA:52,10
DA:60,1
DA:61,1
DA:63,1
DA:64,1
DA:66,1
DA:67,1
DA:69,1
DA:70,1
DA:72,1
DA:73,1
DA:75,1
DA:76,1
DA:78,1
DA:79,1
DA:81,1
DA:82,1
DA:84,1
DA:85,1
DA:87,1
DA:88,1
LF:33
LH:33
BRDA:19,0,0,5
BRDA:19,0,1,19
BRDA:19,1,0,24
BRDA:19,1,1,21
BRDA:23,2,0,2
BRDA:23,2,1,17
BRDA:27,3,0,4
BRDA:27,3,1,13
BRDA:27,4,0,17
BRDA:27,4,1,14
BRDA:31,5,0,3
BRDA:31,5,1,10
BRDA:35,6,0,4
BRDA:35,6,1,6
BRDA:35,7,0,10
BRDA:35,7,1,7
BRF:16
BRH:16
end_of_record
TN:
SF:Sprint-3/1-implement-and-rewrite-tests/implement/2-is-proper-fraction.js
FN:13,isProperFraction
FN:30,assertEquals
FNF:2
FNH:2
FNDA:16,isProperFraction
FNDA:7,assertEquals
DA:15,16
DA:16,16
DA:17,16
DA:19,6
DA:22,10
DA:27,1
DA:31,7
DA:41,1
DA:43,1
DA:44,1
DA:45,1
DA:46,1
DA:47,1
DA:48,1
LF:14
LH:14
BRDA:17,0,0,6
BRDA:17,0,1,10
BRF:2
BRH:2
end_of_record
TN:
SF:Sprint-3/1-implement-and-rewrite-tests/implement/3-get-card-value.js
FN:24,getCardValue
FN:57,assertEquals
FNF:2
FNH:2
FNDA:27,getCardValue
FNDA:7,assertEquals
DA:26,27
DA:27,27
DA:28,27
DA:31,27
DA:32,6
DA:35,21
DA:37,21
DA:38,1
DA:42,20
DA:43,8
DA:46,12
DA:47,12
DA:48,12
DA:54,1
DA:58,7
DA:66,1
DA:68,1
DA:69,1
DA:72,1
DA:73,1
DA:74,1
DA:75,1
DA:77,1
DA:78,1
DA:81,0
DA:83,1
LF:26
LH:25
BRDA:31,0,0,6
BRDA:31,0,1,21
BRDA:37,1,0,1
BRDA:37,1,1,20
BRDA:37,2,0,21
BRDA:37,2,1,13
BRDA:37,2,2,12
BRDA:42,3,0,8
BRDA:42,3,1,12
BRDA:47,4,0,12
BRDA:47,4,1,0
BRDA:47,5,0,12
BRDA:47,5,1,12
BRF:13
BRH:12
end_of_record
TN:
SF:Sprint-3/2-practice-tdd/count.js
FN:1,countChar
FNF:1
FNH:1
FNDA:1,countChar
DA:2,1
DA:5,1
LF:2
LH:2
BRF:0
BRH:0
end_of_record
TN:
SF:Sprint-3/2-practice-tdd/get-ordinal-number.js
FN:1,getOrdinalNumber
FNF:1
FNH:1
FNDA:2,getOrdinalNumber
DA:2,2
DA:5,1
LF:2
LH:2
BRF:0
BRH:0
end_of_record
TN:
SF:Sprint-3/2-practice-tdd/repeat-str.js
FN:1,repeatStr
FNF:1
FNH:1
FNDA:1,repeatStr
DA:4,1
DA:7,1
LF:2
LH:2
BRF:0
BRH:0
end_of_record
TN:
SF:Sprint-3/4-stretch/password-validator.js
FN:1,passwordValidator
FNF:1
FNH:1
FNDA:1,passwordValidator
DA:2,1
DA:6,1
LF:2
LH:2
BRDA:2,0,0,0
BRDA:2,0,1,1
BRF:2
BRH:1
end_of_record
