TN:
SF:Sprint-3\2-mandatory-rewrite\1-get-angle-type.js
FN:1,getAngleType
FNF:1
FNH:1
FNDA:5,getAngleType
DA:2,5
DA:5,4
DA:6,3
DA:7,2
DA:8,1
DA:11,0
DA:21,1
LF:7
LH:6
BRDA:2,0,0,1
BRDA:2,0,1,4
BRDA:5,1,0,1
BRDA:5,1,1,3
BRDA:5,2,0,4
BRDA:5,2,1,3
BRDA:6,3,0,1
BRDA:6,3,1,2
BRDA:7,4,0,1
BRDA:7,4,1,1
BRDA:7,5,0,2
BRDA:7,5,1,1
BRDA:8,6,0,1
BRDA:8,6,1,0
BRDA:8,7,0,1
BRDA:8,7,1,1
BRF:16
BRH:15
end_of_record
TN:
SF:Sprint-3\2-mandatory-rewrite\2-is-proper-fraction.js
FN:1,isProperFraction
FNF:1
FNH:1
FNDA:6,isProperFraction
DA:2,6
DA:4,3
DA:5,2
DA:7,0
DA:11,1
LF:5
LH:4
BRDA:2,0,0,3
BRDA:2,0,1,3
BRDA:4,1,0,1
BRDA:4,1,1,2
BRDA:5,2,0,2
BRDA:5,2,1,0
BRF:6
BRH:5
end_of_record
TN:
SF:Sprint-3\2-mandatory-rewrite\3-get-card-value.js
FN:1,getCardValue
FNF:1
FNH:1
FNDA:6,getCardValue
DA:4,6
DA:5,6
DA:6,6
DA:7,4
DA:9,2
DA:13,1
LF:6
LH:6
BRDA:5,0,0,0
BRDA:5,0,1,6
BRDA:6,1,0,2
BRDA:6,1,1,4
BRDA:6,2,0,6
BRDA:6,2,1,2
BRDA:6,2,2,2
BRDA:7,3,0,2
BRDA:7,3,1,2
BRDA:7,4,0,4
BRDA:7,4,1,4
BRDA:7,4,2,3
BRDA:7,4,3,3
BRF:13
BRH:12
end_of_record
TN:
SF:Sprint-3\3-mandatory-practice\function.js
FN:2,(anonymous_0)
FNF:1
FNH:1
FNDA:1,(anonymous_0)
DA:1,1
DA:2,1
DA:6,1
LF:3
LH:3
BRF:0
BRH:0
end_of_record
TN:
SF:Sprint-3\3-mandatory-practice\implement\count.js
FN:1,countChar
FNF:1
FNH:1
FNDA:1,countChar
DA:2,1
DA:5,1
LF:2
LH:2
BRF:0
BRH:0
end_of_record
TN:
SF:Sprint-3\3-mandatory-practice\implement\get-ordinal-number.js
FN:1,getOrdinalNumber
FNF:1
FNH:1
FNDA:1,getOrdinalNumber
DA:2,1
DA:5,1
LF:2
LH:2
BRF:0
BRH:0
end_of_record
TN:
SF:Sprint-3\3-mandatory-practice\implement\repeat.js
FN:1,repeat
FNF:1
FNH:1
FNDA:1,repeat
DA:2,1
DA:5,1
LF:2
LH:2
BRF:0
BRH:0
end_of_record
TN:
SF:Sprint-3\4-stretch-investigate\password-validator.js
FN:1,passwordValidator
FNF:1
FNH:1
FNDA:1,passwordValidator
DA:2,1
DA:6,1
LF:2
LH:2
BRDA:2,0,0,0
BRDA:2,0,1,1
BRF:2
BRH:1
end_of_record
